<?xml version="1.0" encoding="UTF-8"?>
<testsuite xmlns:xsi="http://www.w3.org/2001/XMLSchema-instance" xsi:noNamespaceSchemaLocation="https://maven.apache.org/surefire/maven-surefire-plugin/xsd/surefire-test-report.xsd" name="se.home.controller.PersonControllerTest" time="4.885" tests="3" errors="0" skipped="0" failures="0">
  <properties>
[...]
</properties>
  <testcase name="log_persons_body" classname="se.home.controller.PersonControllerTest" time="1.129"/>
  <testcase name="verify_that_first_person_is_named_anders_andersson" classname="se.home.controller.PersonControllerTest" time="0.457"/>
  <testcase name="verify_that_second_person_is_named_anna_annason" classname="se.home.controller.PersonControllerTest" time="0.038"/>
</testsuite>